<?xml version="1.0" encoding="UTF-8"?>
<!-- Generated by org.testng.reporters.JUnitReportReporter -->
<testsuite skipped="0" hostname="mypc" name="com.selenium.testng.TestRunThread" tests="30" failures="0" timestamp="22 七月 2018 07:33:58 GMT" time="151.778" errors="0">
  <testcase name="test" time="5.351" classname="com.selenium.testng.TestRunThread"/>
  <testcase name="test" time="5.024" classname="com.selenium.testng.TestRunThread"/>
  <testcase name="test" time="5.039" classname="com.selenium.testng.TestRunThread"/>
  <testcase name="test" time="5.351" classname="com.selenium.testng.TestRunThread"/>
  <testcase name="test" time="5.025" classname="com.selenium.testng.TestRunThread"/>
  <testcase name="test" time="5.087" classname="com.selenium.testng.TestRunThread"/>
  <testcase name="test" time="5.009" classname="com.selenium.testng.TestRunThread"/>
  <testcase name="test" time="5.024" classname="com.selenium.testng.TestRunThread"/>
  <testcase name="test" time="5.017" classname="com.selenium.testng.TestRunThread"/>
  <testcase name="test" time="5.038" classname="com.selenium.testng.TestRunThread"/>
  <testcase name="test" time="5.010" classname="com.selenium.testng.TestRunThread"/>
  <testcase name="test" time="5.024" classname="com.selenium.testng.TestRunThread"/>
  <testcase name="test" time="5.009" classname="com.selenium.testng.TestRunThread"/>
  <testcase name="test" time="5.009" classname="com.selenium.testng.TestRunThread"/>
  <testcase name="test" time="5.056" classname="com.selenium.testng.TestRunThread"/>
  <testcase name="test" time="5.024" classname="com.selenium.testng.TestRunThread"/>
  <testcase name="test" time="5.008" classname="com.selenium.testng.TestRunThread"/>
  <testcase name="test" time="5.024" classname="com.selenium.testng.TestRunThread"/>
  <testcase name="test" time="5.008" classname="com.selenium.testng.TestRunThread"/>
  <testcase name="test" time="5.007" classname="com.selenium.testng.TestRunThread"/>
  <testcase name="test" time="5.008" classname="com.selenium.testng.TestRunThread"/>
  <testcase name="test" time="5.024" classname="com.selenium.testng.TestRunThread"/>
  <testcase name="test" time="5.009" classname="com.selenium.testng.TestRunThread"/>
  <testcase name="test" time="5.009" classname="com.selenium.testng.TestRunThread"/>
  <testcase name="test" time="5.055" classname="com.selenium.testng.TestRunThread"/>
  <testcase name="test" time="5.002" classname="com.selenium.testng.TestRunThread"/>
  <testcase name="test" time="5.002" classname="com.selenium.testng.TestRunThread"/>
  <testcase name="test" time="5.009" classname="com.selenium.testng.TestRunThread"/>
  <testcase name="test" time="5.071" classname="com.selenium.testng.TestRunThread"/>
  <testcase name="test" time="5.445" classname="com.selenium.testng.TestRunThread"/>
</testsuite> <!-- com.selenium.testng.TestRunThread -->
