<?xml version="1.0" encoding="UTF-8"?>
<!-- Generated by org.testng.reporters.JUnitReportReporter -->
<testsuite skipped="0" hostname="mypc" name="com.selenium.testng.TestRunByGroups1" tests="3" failures="0" timestamp="22 七月 2018 07:24:23 GMT" time="0.034" errors="0">
  <testcase name="color_car" time="0.018" classname="com.selenium.testng.TestRunByGroups1"/>
  <testcase name="color2" time="0.000" classname="com.selenium.testng.TestRunByGroups1"/>
  <testcase name="color1" time="0.016" classname="com.selenium.testng.TestRunByGroups1"/>
</testsuite> <!-- com.selenium.testng.TestRunByGroups1 -->
