<?xml version="1.0" encoding="UTF-8"?>
<!-- Generated by org.testng.reporters.JUnitReportReporter -->
<testsuite skipped="0" hostname="mypc" name="com.selenium.pageObject.test.TestLogin" tests="2" failures="0" timestamp="28 七月 2018 03:34:32 GMT" time="34.535" errors="0">
  <testcase name="test" time="16.704" classname="com.selenium.pageObject.test.TestLogin"/>
  <testcase name="test" time="17.831" classname="com.selenium.pageObject.test.TestLogin"/>
</testsuite> <!-- com.selenium.pageObject.test.TestLogin -->
