<?xml version="1.0" encoding="UTF-8"?>
<!-- Generated by org.testng.reporters.JUnitReportReporter -->
<testsuite skipped="0" hostname="mypc" name="com.selenium.testng.TestAddParameter2" tests="3" failures="0" timestamp="22 七月 2018 06:38:22 GMT" time="0.031" errors="0">
  <testcase name="testAdd" time="0.016" classname="com.selenium.testng.TestAddParameter2"/>
  <testcase name="testAdd" time="0.015" classname="com.selenium.testng.TestAddParameter2"/>
  <testcase name="testAdd" time="0.000" classname="com.selenium.testng.TestAddParameter2"/>
</testsuite> <!-- com.selenium.testng.TestAddParameter2 -->
