<?xml version="1.0" encoding="UTF-8"?>
<!-- Generated by org.testng.reporters.JUnitReportReporter -->
<testsuite skipped="0" hostname="mypc" name="com.selenium.pageObject.test.TestIndexPage" tests="1" failures="0" timestamp="22 七月 2018 09:01:08 GMT" time="37.614" errors="0">
  <testcase name="test" time="37.614" classname="com.selenium.pageObject.test.TestIndexPage"/>
</testsuite> <!-- com.selenium.pageObject.test.TestIndexPage -->
