<?xml version="1.0" encoding="UTF-8"?>
<!-- Generated by org.testng.reporters.JUnitReportReporter -->
<testsuite skipped="0" hostname="mypc" name="com.selenium.testng.TestRunManyTimes" tests="5" failures="0" timestamp="22 七月 2018 07:29:10 GMT" time="0.109" errors="0">
  <testcase name="test" time="0.000" classname="com.selenium.testng.TestRunManyTimes"/>
  <testcase name="test" time="0.015" classname="com.selenium.testng.TestRunManyTimes"/>
  <testcase name="test" time="0.078" classname="com.selenium.testng.TestRunManyTimes"/>
  <testcase name="test" time="0.016" classname="com.selenium.testng.TestRunManyTimes"/>
  <testcase name="test" time="0.000" classname="com.selenium.testng.TestRunManyTimes"/>
</testsuite> <!-- com.selenium.testng.TestRunManyTimes -->
