<?xml version="1.0" encoding="UTF-8"?>
<!-- Generated by org.testng.reporters.JUnitReportReporter -->
<testsuite skipped="0" hostname="mypc" name="com.selenium.testng.TestRunByGroups" tests="3" failures="0" timestamp="22 七月 2018 07:24:23 GMT" time="0.046" errors="0">
  <testcase name="color1" time="0.046" classname="com.selenium.testng.TestRunByGroups"/>
  <testcase name="color_car" time="0.000" classname="com.selenium.testng.TestRunByGroups"/>
  <testcase name="color2" time="0.000" classname="com.selenium.testng.TestRunByGroups"/>
</testsuite> <!-- com.selenium.testng.TestRunByGroups -->
