<?xml version="1.0" encoding="UTF-8"?>
<!-- Generated by org.testng.reporters.JUnitReportReporter -->
<testsuite skipped="0" hostname="mypc" name="com.selenium.testng.SecondTestng" tests="1" failures="0" timestamp="22 七月 2018 08:09:51 GMT" time="0.000" errors="0">
  <testcase name="test2" time="0.000" classname="com.selenium.testng.SecondTestng"/>
</testsuite> <!-- com.selenium.testng.SecondTestng -->
